<?xml version="1.0" encoding="UTF-8"?>
<testng-results ignored="0" total="6" passed="6" failed="0" skipped="0">
  <reporter-output>
  </reporter-output>
  <suite started-at="2020-02-14T14:41:46Z" name="Suite" finished-at="2020-02-14T14:41:46Z" duration-ms="174">
    <groups>
      <group name="regression">
        <method signature="LoginTestCases.Tesstcase1()[pri:0, instance:com.Demo.LoginTestCases@1dac5ef]" name="Tesstcase1" class="com.Demo.LoginTestCases"/>
        <method signature="LoginTestCases.Tesstcase2()[pri:0, instance:com.Demo.LoginTestCases@1dac5ef]" name="Tesstcase2" class="com.Demo.LoginTestCases"/>
        <method signature="LoginTestCases.Tesstcase3()[pri:0, instance:com.Demo.LoginTestCases@1dac5ef]" name="Tesstcase3" class="com.Demo.LoginTestCases"/>
        <method signature="LoginTestCases.Tesstcase5()[pri:0, instance:com.Demo.LoginTestCases@1dac5ef]" name="Tesstcase5" class="com.Demo.LoginTestCases"/>
      </group> <!-- regression -->
      <group name="end2end">
        <method signature="LoginTestCases.Tesstcase2()[pri:0, instance:com.Demo.LoginTestCases@1dac5ef]" name="Tesstcase2" class="com.Demo.LoginTestCases"/>
        <method signature="LoginTestCases.Tesstcase4()[pri:0, instance:com.Demo.LoginTestCases@1dac5ef]" name="Tesstcase4" class="com.Demo.LoginTestCases"/>
        <method signature="LoginTestCases.Tesstcase5()[pri:0, instance:com.Demo.LoginTestCases@1dac5ef]" name="Tesstcase5" class="com.Demo.LoginTestCases"/>
      </group> <!-- end2end -->
      <group name="smoke">
        <method signature="LoginTestCases.Tesstcase1()[pri:0, instance:com.Demo.LoginTestCases@1dac5ef]" name="Tesstcase1" class="com.Demo.LoginTestCases"/>
        <method signature="LoginTestCases.Tesstcase2()[pri:0, instance:com.Demo.LoginTestCases@1dac5ef]" name="Tesstcase2" class="com.Demo.LoginTestCases"/>
        <method signature="LoginTestCases.Tesstcase6()[pri:0, instance:com.Demo.LoginTestCases@1dac5ef]" name="Tesstcase6" class="com.Demo.LoginTestCases"/>
      </group> <!-- smoke -->
    </groups>
    <test started-at="2020-02-14T14:41:46Z" name="Test" finished-at="2020-02-14T14:41:46Z" duration-ms="174">
      <class name="com.Demo.LoginTestCases">
        <test-method signature="Tesstcase1()[pri:0, instance:com.Demo.LoginTestCases@1dac5ef]" started-at="2020-02-14T14:41:46Z" name="Tesstcase1" finished-at="2020-02-14T14:41:46Z" duration-ms="47" status="PASS">
          <reporter-output>
          </reporter-output>
        </test-method> <!-- Tesstcase1 -->
        <test-method signature="Tesstcase2()[pri:0, instance:com.Demo.LoginTestCases@1dac5ef]" started-at="2020-02-14T14:41:46Z" name="Tesstcase2" finished-at="2020-02-14T14:41:46Z" duration-ms="4" status="PASS">
          <reporter-output>
          </reporter-output>
        </test-method> <!-- Tesstcase2 -->
        <test-method signature="Tesstcase3()[pri:0, instance:com.Demo.LoginTestCases@1dac5ef]" started-at="2020-02-14T14:41:46Z" name="Tesstcase3" finished-at="2020-02-14T14:41:46Z" duration-ms="4" status="PASS">
          <reporter-output>
          </reporter-output>
        </test-method> <!-- Tesstcase3 -->
        <test-method signature="Tesstcase4()[pri:0, instance:com.Demo.LoginTestCases@1dac5ef]" started-at="2020-02-14T14:41:46Z" name="Tesstcase4" finished-at="2020-02-14T14:41:46Z" duration-ms="6" status="PASS">
          <reporter-output>
          </reporter-output>
        </test-method> <!-- Tesstcase4 -->
        <test-method signature="Tesstcase5()[pri:0, instance:com.Demo.LoginTestCases@1dac5ef]" started-at="2020-02-14T14:41:46Z" name="Tesstcase5" finished-at="2020-02-14T14:41:46Z" duration-ms="5" status="PASS">
          <reporter-output>
          </reporter-output>
        </test-method> <!-- Tesstcase5 -->
        <test-method signature="Tesstcase6()[pri:0, instance:com.Demo.LoginTestCases@1dac5ef]" started-at="2020-02-14T14:41:46Z" name="Tesstcase6" finished-at="2020-02-14T14:41:46Z" duration-ms="5" status="PASS">
          <reporter-output>
          </reporter-output>
        </test-method> <!-- Tesstcase6 -->
      </class> <!-- com.Demo.LoginTestCases -->
    </test> <!-- Test -->
  </suite> <!-- Suite -->
</testng-results>
