<?xml version="1.0" encoding="UTF-8"?>
<testng-results total="1" passed="1" failed="0" skipped="0">
  <reporter-output>
  </reporter-output>
  <suite started-at="2019-01-11T09:15:24Z" name="Default suite" finished-at="2019-01-11T09:15:42Z" duration-ms="18653">
    <groups>
    </groups>
    <test started-at="2019-01-11T09:15:24Z" name="Default test" finished-at="2019-01-11T09:15:42Z" duration-ms="18653">
      <class name="com.jbk.RobotEx">
        <test-method signature="execution()[pri:0, instance:com.jbk.RobotEx@609cd4d8]" started-at="2019-01-11T14:45:24Z" name="execution" finished-at="2019-01-11T14:45:42Z" duration-ms="18569" status="PASS">
          <reporter-output>
          </reporter-output>
        </test-method> <!-- execution -->
      </class> <!-- com.jbk.RobotEx -->
    </test> <!-- Default test -->
  </suite> <!-- Default suite -->
</testng-results>
