<?xml version="1.0" encoding="UTF-8"?>
<!-- Generated by org.testng.reporters.JUnitXMLReporter -->
<testsuite ignored="0" hostname="Mangesh-PC" failures="0" tests="4" name="Test" time="0.123" errors="0" timestamp="15 Feb 2020 14:01:19 GMT">
  <testcase classname="com.mangesh.PriorityTest" name="aaa" time="0.028"/>
  <testcase classname="com.mangesh.PriorityTest" name="bbb" time="0.003"/>
  <testcase classname="com.mangesh.PriorityTest1" name="aaa" time="0.005"/>
  <testcase classname="com.mangesh.PriorityTest1" name="bbb" time="0.004"/>
</testsuite> <!-- Test -->
