<?xml version="1.0" encoding="UTF-8"?>
<testng-results ignored="0" total="6" passed="6" failed="0" skipped="0">
  <reporter-output>
  </reporter-output>
  <suite started-at="2020-02-15T14:13:23Z" name="Default suite" finished-at="2020-02-15T14:13:31Z" duration-ms="8157">
    <groups>
    </groups>
    <test started-at="2020-02-15T14:13:23Z" name="Default test" finished-at="2020-02-15T14:13:31Z" duration-ms="8157">
      <class name="com.mangesh.sel.LoginTestCases1">
        <test-method is-config="true" signature="setup_Browser()[pri:0, instance:com.mangesh.sel.LoginTestCases1@f5acb9d]" started-at="2020-02-15T14:12:57Z" name="setup_Browser" finished-at="2020-02-15T14:13:23Z" duration-ms="25609" status="PASS">
          <reporter-output>
          </reporter-output>
        </test-method> <!-- setup_Browser -->
        <test-method signature="verify_url()[pri:1, instance:com.mangesh.sel.LoginTestCases1@f5acb9d]" started-at="2020-02-15T14:13:23Z" name="verify_url" finished-at="2020-02-15T14:13:23Z" duration-ms="121" status="PASS">
          <reporter-output>
          </reporter-output>
        </test-method> <!-- verify_url -->
        <test-method signature="verify_title()[pri:2, instance:com.mangesh.sel.LoginTestCases1@f5acb9d]" started-at="2020-02-15T14:13:23Z" name="verify_title" finished-at="2020-02-15T14:13:23Z" depends-on-methods="com.mangesh.sel.LoginTestCases1.verify_url" duration-ms="87" status="PASS">
          <reporter-output>
          </reporter-output>
        </test-method> <!-- verify_title -->
        <test-method signature="verify_Logo()[pri:3, instance:com.mangesh.sel.LoginTestCases1@f5acb9d]" started-at="2020-02-15T14:13:23Z" name="verify_Logo" finished-at="2020-02-15T14:13:23Z" depends-on-methods="com.mangesh.sel.LoginTestCases1.verify_title" duration-ms="307" status="PASS">
          <reporter-output>
          </reporter-output>
        </test-method> <!-- verify_Logo -->
        <test-method signature="BlankLogin()[pri:4, instance:com.mangesh.sel.LoginTestCases1@f5acb9d]" started-at="2020-02-15T14:13:23Z" name="BlankLogin" finished-at="2020-02-15T14:13:24Z" depends-on-methods="com.mangesh.sel.LoginTestCases1.verify_Logo" duration-ms="776" status="PASS">
          <reporter-output>
          </reporter-output>
        </test-method> <!-- BlankLogin -->
        <test-method signature="InvalidLogin()[pri:5, instance:com.mangesh.sel.LoginTestCases1@f5acb9d]" started-at="2020-02-15T14:13:24Z" name="InvalidLogin" finished-at="2020-02-15T14:13:26Z" depends-on-methods="com.mangesh.sel.LoginTestCases1.verify_title" duration-ms="2329" status="PASS">
          <reporter-output>
          </reporter-output>
        </test-method> <!-- InvalidLogin -->
        <test-method signature="ValidLogin()[pri:6, instance:com.mangesh.sel.LoginTestCases1@f5acb9d]" started-at="2020-02-15T14:13:26Z" name="ValidLogin" finished-at="2020-02-15T14:13:31Z" depends-on-methods="com.mangesh.sel.LoginTestCases1.verify_title" duration-ms="4433" status="PASS">
          <reporter-output>
          </reporter-output>
        </test-method> <!-- ValidLogin -->
      </class> <!-- com.mangesh.sel.LoginTestCases1 -->
    </test> <!-- Default test -->
  </suite> <!-- Default suite -->
</testng-results>
