<?xml version="1.0" encoding="UTF-8"?>
<!-- Generated by org.testng.reporters.JUnitXMLReporter -->
<testsuite ignored="0" hostname="Mangesh-PC" failures="0" tests="6" name="Default test" time="8.157" errors="0" timestamp="15 Feb 2020 14:13:31 GMT">
  <testcase classname="com.mangesh.sel.LoginTestCases1" name="verify_url" time="0.121"/>
  <testcase classname="com.mangesh.sel.LoginTestCases1" name="verify_title" time="0.087"/>
  <testcase classname="com.mangesh.sel.LoginTestCases1" name="verify_Logo" time="0.307"/>
  <testcase classname="com.mangesh.sel.LoginTestCases1" name="BlankLogin" time="0.776"/>
  <testcase classname="com.mangesh.sel.LoginTestCases1" name="InvalidLogin" time="2.329"/>
  <testcase classname="com.mangesh.sel.LoginTestCases1" name="ValidLogin" time="4.433"/>
</testsuite> <!-- Default test -->
